# JRE version: OpenJDK Runtime Environment (8.0_212-b04) (build 1.8.0_212-release-1586-b04)
# Java VM: OpenJDK 64-Bit Server VM (25.212-b04 mixed mode windows-amd64 compressed oops)
Heap:
 PSYoungGen      total 142336K, used 21861K [0x00000000e0000000, 0x00000000e9900000, 0x0000000100000000)
  eden space 128000K, 5% used [0x00000000e0000000,0x00000000e075fdc0,0x00000000e7d00000)
  from space 14336K, 99% used [0x00000000e7d00000,0x00000000e8af9790,0x00000000e8b00000)
  to   space 12288K, 0% used [0x00000000e8d00000,0x00000000e8d00000,0x00000000e9900000)
 ParOldGen       total 93696K, used 32132K [0x00000000a0000000, 0x00000000a5b80000, 0x00000000e0000000)
  object space 93696K, 34% used [0x00000000a0000000,0x00000000a1f61200,0x00000000a5b80000)
 Metaspace       used 60307K, capacity 62384K, committed 62552K, reserved 1103872K
  class space    used 8261K, capacity 8715K, committed 8792K, reserved 1048576K
GC Heap History (10 events):
Event: 10.743 GC heap before
{Heap before GC invocations=12 (full 2):
 PSYoungGen      total 109568K, used 97792K [0x00000000e0000000, 0x00000000e9900000, 0x0000000100000000)
  eden space 97792K, 100% used [0x00000000e0000000,0x00000000e5f80000,0x00000000e5f80000)
  from space 11776K, 0% used [0x00000000e5f80000,0x00000000e5f80000,0x00000000e6b00000)
  to   space 12288K, 0% used [0x00000000e8d00000,0x00000000e8d00000,0x00000000e9900000)
 ParOldGen       total 93696K, used 17429K [0x00000000a0000000, 0x00000000a5b80000, 0x00000000e0000000)
  object space 93696K, 18% used [0x00000000a0000000,0x00000000a11055c8,0x00000000a5b80000)
 Metaspace       used 44471K, capacity 45532K, committed 45824K, reserved 1089536K
  class space    used 6000K, capacity 6280K, committed 6400K, reserved 1048576K
Event: 10.762 GC heap after
Heap after GC invocations=12 (full 2):
 PSYoungGen      total 140288K, used 12274K [0x00000000e0000000, 0x00000000e9900000, 0x0000000100000000)
  eden space 128000K, 0% used [0x00000000e0000000,0x00000000e0000000,0x00000000e7d00000)
  from space 12288K, 99% used [0x00000000e8d00000,0x00000000e98fc9b8,0x00000000e9900000)
  to   space 14336K, 0% used [0x00000000e7d00000,0x00000000e7d00000,0x00000000e8b00000)
 ParOldGen       total 93696K, used 18064K [0x00000000a0000000, 0x00000000a5b80000, 0x00000000e0000000)
  object space 93696K, 19% used [0x00000000a0000000,0x00000000a11a4320,0x00000000a5b80000)
 Metaspace       used 44471K, capacity 45532K, committed 45824K, reserved 1089536K
  class space    used 6000K, capacity 6280K, committed 6400K, reserved 1048576K
}
Event: 13.588 GC heap before
{Heap before GC invocations=13 (full 2):
 PSYoungGen      total 140288K, used 140274K [0x00000000e0000000, 0x00000000e9900000, 0x0000000100000000)
  eden space 128000K, 100% used [0x00000000e0000000,0x00000000e7d00000,0x00000000e7d00000)
  from space 12288K, 99% used [0x00000000e8d00000,0x00000000e98fc9b8,0x00000000e9900000)
  to   space 14336K, 0% used [0x00000000e7d00000,0x00000000e7d00000,0x00000000e8b00000)
 ParOldGen       total 93696K, used 18064K [0x00000000a0000000, 0x00000000a5b80000, 0x00000000e0000000)
  object space 93696K, 19% used [0x00000000a0000000,0x00000000a11a4320,0x00000000a5b80000)
 Metaspace       used 55140K, capacity 56826K, committed 56960K, reserved 1097728K
  class space    used 7598K, capacity 7990K, committed 8064K, reserved 1048576K
Event: 13.647 GC heap after
Heap after GC invocations=13 (full 2):
 PSYoungGen      total 142336K, used 14332K [0x00000000e0000000, 0x00000000e9900000, 0x0000000100000000)
  eden space 128000K, 0% used [0x00000000e0000000,0x00000000e0000000,0x00000000e7d00000)
  from space 14336K, 99% used [0x00000000e7d00000,0x00000000e8aff010,0x00000000e8b00000)
  to   space 12288K, 0% used [0x00000000e8d00000,0x00000000e8d00000,0x00000000e9900000)
 ParOldGen       total 93696K, used 23691K [0x00000000a0000000, 0x00000000a5b80000, 0x00000000e0000000)
  object space 93696K, 25% used [0x00000000a0000000,0x00000000a1722c48,0x00000000a5b80000)
 Metaspace       used 55140K, capacity 56826K, committed 56960K, reserved 1097728K
  class space    used 7598K, capacity 7990K, committed 8064K, reserved 1048576K
}
Event: 14.604 GC heap before
{Heap before GC invocations=14 (full 2):
 PSYoungGen      total 142336K, used 54958K [0x00000000e0000000, 0x00000000e9900000, 0x0000000100000000)
  eden space 128000K, 31% used [0x00000000e0000000,0x00000000e27acb28,0x00000000e7d00000)
  from space 14336K, 99% used [0x00000000e7d00000,0x00000000e8aff010,0x00000000e8b00000)
  to   space 12288K, 0% used [0x00000000e8d00000,0x00000000e8d00000,0x00000000e9900000)
 ParOldGen       total 93696K, used 23691K [0x00000000a0000000, 0x00000000a5b80000, 0x00000000e0000000)
  object space 93696K, 25% used [0x00000000a0000000,0x00000000a1722c48,0x00000000a5b80000)
 Metaspace       used 57114K, capacity 58998K, committed 59096K, reserved 1099776K
  class space    used 7903K, capacity 8368K, committed 8408K, reserved 1048576K
Event: 14.646 GC heap after
Heap after GC invocations=14 (full 2):
 PSYoungGen      total 140288K, used 11617K [0x00000000e0000000, 0x00000000e9900000, 0x0000000100000000)
  eden space 128000K, 0% used [0x00000000e0000000,0x00000000e0000000,0x00000000e7d00000)
  from space 12288K, 94% used [0x00000000e8d00000,0x00000000e9858758,0x00000000e9900000)
  to   space 14336K, 0% used [0x00000000e7d00000,0x00000000e7d00000,0x00000000e8b00000)
 ParOldGen       total 93696K, used 29427K [0x00000000a0000000, 0x00000000a5b80000, 0x00000000e0000000)
  object space 93696K, 31% used [0x00000000a0000000,0x00000000a1cbcc70,0x00000000a5b80000)
 Metaspace       used 57114K, capacity 58998K, committed 59096K, reserved 1099776K
  class space    used 7903K, capacity 8368K, committed 8408K, reserved 1048576K
}
Event: 14.646 GC heap before
{Heap before GC invocations=15 (full 3):
 PSYoungGen      total 140288K, used 11617K [0x00000000e0000000, 0x00000000e9900000, 0x0000000100000000)
  eden space 128000K, 0% used [0x00000000e0000000,0x00000000e0000000,0x00000000e7d00000)
  from space 12288K, 94% used [0x00000000e8d00000,0x00000000e9858758,0x00000000e9900000)
  to   space 14336K, 0% used [0x00000000e7d00000,0x00000000e7d00000,0x00000000e8b00000)
 ParOldGen       total 93696K, used 29427K [0x00000000a0000000, 0x00000000a5b80000, 0x00000000e0000000)
  object space 93696K, 31% used [0x00000000a0000000,0x00000000a1cbcc70,0x00000000a5b80000)
 Metaspace       used 57114K, capacity 58998K, committed 59096K, reserved 1099776K
  class space    used 7903K, capacity 8368K, committed 8408K, reserved 1048576K
Event: 14.987 GC heap after
Heap after GC invocations=15 (full 3):
 PSYoungGen      total 140288K, used 0K [0x00000000e0000000, 0x00000000e9900000, 0x0000000100000000)
  eden space 128000K, 0% used [0x00000000e0000000,0x00000000e0000000,0x00000000e7d00000)
  from space 12288K, 0% used [0x00000000e8d00000,0x00000000e8d00000,0x00000000e9900000)
  to   space 14336K, 0% used [0x00000000e7d00000,0x00000000e7d00000,0x00000000e8b00000)
 ParOldGen       total 93696K, used 31732K [0x00000000a0000000, 0x00000000a5b80000, 0x00000000e0000000)
  object space 93696K, 33% used [0x00000000a0000000,0x00000000a1efd060,0x00000000a5b80000)
 Metaspace       used 57073K, capacity 58890K, committed 59096K, reserved 1099776K
  class space    used 7890K, capacity 8344K, committed 8408K, reserved 1048576K
}
Event: 17.804 GC heap before
{Heap before GC invocations=16 (full 3):
 PSYoungGen      total 140288K, used 128000K [0x00000000e0000000, 0x00000000e9900000, 0x0000000100000000)
  eden space 128000K, 100% used [0x00000000e0000000,0x00000000e7d00000,0x00000000e7d00000)
  from space 12288K, 0% used [0x00000000e8d00000,0x00000000e8d00000,0x00000000e9900000)
  to   space 14336K, 0% used [0x00000000e7d00000,0x00000000e7d00000,0x00000000e8b00000)
 ParOldGen       total 93696K, used 31732K [0x00000000a0000000, 0x00000000a5b80000, 0x00000000e0000000)
  object space 93696K, 33% used [0x00000000a0000000,0x00000000a1efd060,0x00000000a5b80000)
 Metaspace       used 59834K, capacity 61832K, committed 62040K, reserved 1101824K
  class space    used 8211K, capacity 8687K, committed 8792K, reserved 1048576K
Event: 17.836 GC heap after
Heap after GC invocations=16 (full 3):
 PSYoungGen      total 142336K, used 14309K [0x00000000e0000000, 0x00000000e9900000, 0x0000000100000000)
  eden space 128000K, 0% used [0x00000000e0000000,0x00000000e0000000,0x00000000e7d00000)
  from space 14336K, 99% used [0x00000000e7d00000,0x00000000e8af9790,0x00000000e8b00000)
  to   space 12288K, 0% used [0x00000000e8d00000,0x00000000e8d00000,0x00000000e9900000)
 ParOldGen       total 93696K, used 32132K [0x00000000a0000000, 0x00000000a5b80000, 0x00000000e0000000)
  object space 93696K, 34% used [0x00000000a0000000,0x00000000a1f61200,0x00000000a5b80000)
 Metaspace       used 59834K, capacity 61832K, committed 62040K, reserved 1101824K
  class space    used 8211K, capacity 8687K, committed 8792K, reserved 1048576K
}

